[debug] [2021-11-11T01:55:11.399Z] ----------------------------------------------------------------------
[debug] [2021-11-11T01:55:11.401Z] Command:       C:\Program Files\nodejs\node.exe C:\Users\Hp\AppData\Roaming\npm\node_modules\firebase-tools\lib\bin\firebase.js init
[debug] [2021-11-11T01:55:11.402Z] CLI Version:   9.22.0
[debug] [2021-11-11T01:55:11.402Z] Platform:      win32
[debug] [2021-11-11T01:55:11.402Z] Node Version:  v12.16.1
[debug] [2021-11-11T01:55:11.403Z] Time:          Wed Nov 10 2021 20:55:11 GMT-0500 (Eastern Standard Time)
[debug] [2021-11-11T01:55:11.403Z] ----------------------------------------------------------------------
[debug] 
[debug] [2021-11-11T01:55:11.467Z] > command requires scopes: ["email","openid","https://www.googleapis.com/auth/cloudplatformprojects.readonly","https://www.googleapis.com/auth/firebase","https://www.googleapis.com/auth/cloud-platform"]
[debug] [2021-11-11T01:55:11.468Z] > authorizing via signed-in user (sms1159@nyu.edu)
[info] 
     ######## #### ########  ######## ########     ###     ######  ########
     ##        ##  ##     ## ##       ##     ##  ##   ##  ##       ##
     ######    ##  ########  ######   ########  #########  ######  ######
     ##        ##  ##    ##  ##       ##     ## ##     ##       ## ##
     ##       #### ##     ## ######## ########  ##     ##  ######  ########

You're about to initialize a Firebase project in this directory:

  C:\Users\Hp

Before we get started, keep in mind:

  * You are initializing within an existing Firebase project directory

[info] 
=== Project Setup
[info] 
[info] First, let's associate this project directory with a Firebase project.
[info] You can create multiple project aliases by running firebase use --add, 
[info] but for now we'll just set up a default project.
[info] 
[info] i  .firebaserc already has a default project, using coronavirusdailytracker. 
[debug] [2021-11-11T01:56:05.100Z] > refreshing access token with scopes: []
[debug] [2021-11-11T01:56:05.101Z] >>> HTTP REQUEST POST https://www.googleapis.com/oauth2/v3/token  
 <request body omitted>
[debug] [2021-11-11T01:56:05.291Z] <<< HTTP RESPONSE 400 {"date":"Thu, 11 Nov 2021 01:56:05 GMT","pragma":"no-cache","expires":"Mon, 01 Jan 1990 00:00:00 GMT","cache-control":"no-cache, no-store, max-age=0, must-revalidate","content-type":"application/json; charset=utf-8","vary":"X-Origin, Referer, Origin,Accept-Encoding","server":"scaffolding on HTTPServer2","x-xss-protection":"0","x-frame-options":"SAMEORIGIN","x-content-type-options":"nosniff","alt-svc":"h3=\":443\"; ma=2592000,h3-29=\":443\"; ma=2592000,h3-Q050=\":443\"; ma=2592000,h3-Q046=\":443\"; ma=2592000,h3-Q043=\":443\"; ma=2592000,quic=\":443\"; ma=2592000; v=\"46,43\"","accept-ranges":"none","transfer-encoding":"chunked"}
[debug] [2021-11-11T01:56:05.294Z] >>> [apiv2][query] GET https://firebase.googleapis.com/v1beta1/projects/coronavirusdailytracker [none]
[debug] [2021-11-11T01:56:05.580Z] <<< [apiv2][status] GET https://firebase.googleapis.com/v1beta1/projects/coronavirusdailytracker 401
[debug] [2021-11-11T01:56:05.580Z] <<< [apiv2][body] GET https://firebase.googleapis.com/v1beta1/projects/coronavirusdailytracker {"error":{"code":401,"message":"Request had invalid authentication credentials. Expected OAuth 2 access token, login cookie or other valid authentication credential. See https://developers.google.com/identity/sign-in/web/devconsole-project.","status":"UNAUTHENTICATED"}}
[debug] [2021-11-11T01:56:05.581Z] HTTP Error: 401, Request had invalid authentication credentials. Expected OAuth 2 access token, login cookie or other valid authentication credential. See https://developers.google.com/identity/sign-in/web/devconsole-project.
[debug] [2021-11-11T01:56:05.582Z] FirebaseError: HTTP Error: 401, Request had invalid authentication credentials. Expected OAuth 2 access token, login cookie or other valid authentication credential. See https://developers.google.com/identity/sign-in/web/devconsole-project.
    at module.exports (C:\Users\Hp\AppData\Roaming\npm\node_modules\firebase-tools\lib\responseToError.js:38:12)
    at Client.doRequest (C:\Users\Hp\AppData\Roaming\npm\node_modules\firebase-tools\lib\apiv2.js:241:23)
    at processTicksAndRejections (internal/process/task_queues.js:97:5)
    at async Client.request (C:\Users\Hp\AppData\Roaming\npm\node_modules\firebase-tools\lib\apiv2.js:96:20)
    at async Object.getFirebaseProject (C:\Users\Hp\AppData\Roaming\npm\node_modules\firebase-tools\lib\management\projects.js:290:21)
    at async Object.doSetup [as project] (C:\Users\Hp\AppData\Roaming\npm\node_modules\firebase-tools\lib\init\features\project.js:77:27)
    at async init (C:\Users\Hp\AppData\Roaming\npm\node_modules\firebase-tools\lib\init\index.js:19:9)
[error] 
[error] Error: Failed to get Firebase project coronavirusdailytracker. Please make sure the project exists and your account has permission to access it.
