[debug] [2021-11-11T01:54:18.970Z] ----------------------------------------------------------------------
[debug] [2021-11-11T01:54:18.973Z] Command:       C:\Program Files\nodejs\node.exe C:\Users\Hp\AppData\Roaming\npm\node_modules\firebase-tools\lib\bin\firebase.js init
[debug] [2021-11-11T01:54:18.973Z] CLI Version:   9.22.0
[debug] [2021-11-11T01:54:18.973Z] Platform:      win32
[debug] [2021-11-11T01:54:18.973Z] Node Version:  v12.16.1
[debug] [2021-11-11T01:54:18.974Z] Time:          Wed Nov 10 2021 20:54:18 GMT-0500 (Eastern Standard Time)
[debug] [2021-11-11T01:54:18.974Z] ----------------------------------------------------------------------
[debug] 
[debug] [2021-11-11T01:54:18.978Z] >>> [apiv2][query] GET https://firebase-public.firebaseio.com/cli.json [none]
[debug] [2021-11-11T01:54:19.066Z] > command requires scopes: ["email","openid","https://www.googleapis.com/auth/cloudplatformprojects.readonly","https://www.googleapis.com/auth/firebase","https://www.googleapis.com/auth/cloud-platform"]
[debug] [2021-11-11T01:54:19.066Z] > authorizing via signed-in user (sms1159@nyu.edu)
[info] 
     ######## #### ########  ######## ########     ###     ######  ########
     ##        ##  ##     ## ##       ##     ##  ##   ##  ##       ##
     ######    ##  ########  ######   ########  #########  ######  ######
     ##        ##  ##    ##  ##       ##     ## ##     ##       ## ##
     ##       #### ##     ## ######## ########  ##     ##  ######  ########

You're about to initialize a Firebase project in this directory:

  C:\Users\Hp

Before we get started, keep in mind:

  * You are initializing within an existing Firebase project directory

[debug] [2021-11-11T01:54:20.409Z] <<< [apiv2][status] GET https://firebase-public.firebaseio.com/cli.json 200
[debug] [2021-11-11T01:54:20.409Z] <<< [apiv2][body] GET https://firebase-public.firebaseio.com/cli.json {"cloudBuildErrorAfter":1594252800000,"cloudBuildWarnAfter":1590019200000,"defaultNode10After":1594252800000,"minVersion":"3.0.5","node8DeploysDisabledAfter":1613390400000,"node8RuntimeDisabledAfter":1615809600000,"node8WarnAfter":1600128000000}
